app/build/intermediates/manifest_merge_blame_file/debug/manifest-merger-blame-debug-report.txt
1<?xml version="1.0" encoding="utf-8"?>
2<manifest xmlns:android="http://schemas.android.com/apk/res/android"
3    package="com.example.newsify"
4    android:versionCode="1"
5    android:versionName="1.0" >
6
7    <uses-sdk
8        android:minSdkVersion="24"
8-->src\main\AndroidManifest.xml
9        android:targetSdkVersion="32" />
9-->src\main\AndroidManifest.xml
10
11    <uses-permission android:name="android.permission.INTERNET" />
11-->src\main\AndroidManifest.xml:4:5-66
11-->src\main\AndroidManifest.xml:4:22-64
12
13    <application
13-->src\main\AndroidManifest.xml:6:5-24:19
14        android:allowBackup="true"
14-->src\main\AndroidManifest.xml:7:9-35
15        android:appComponentFactory="androidx.core.app.CoreComponentFactory"
15-->[androidx.core:core:1.8.0] AndroidManifest.xml:24:18-86
16        android:debuggable="true"
17        android:extractNativeLibs="false"
18        android:icon="@mipmap/ic_launcher1"
18-->src\main\AndroidManifest.xml:8:9-44
19        android:label="@string/app_name"
19-->src\main\AndroidManifest.xml:9:9-41
20        android:roundIcon="@mipmap/ic_launcher_round1"
20-->src\main\AndroidManifest.xml:10:9-55
21        android:supportsRtl="true"
21-->src\main\AndroidManifest.xml:11:9-35
22        android:testOnly="true"
23        android:theme="@style/Theme.NewsiFy" >
23-->src\main\AndroidManifest.xml:12:9-45
24        <activity
24-->src\main\AndroidManifest.xml:13:9-23:20
25            android:name="com.example.newsify.MainActivity"
25-->src\main\AndroidManifest.xml:14:13-41
26            android:exported="true"
26-->src\main\AndroidManifest.xml:15:13-36
27            android:label="@string/app_name"
27-->src\main\AndroidManifest.xml:16:13-45
28            android:theme="@style/Theme.NewsiFy" >
28-->src\main\AndroidManifest.xml:17:13-49
29            <intent-filter>
29-->src\main\AndroidManifest.xml:18:13-22:29
30                <action android:name="android.intent.action.MAIN" />
30-->src\main\AndroidManifest.xml:19:17-69
30-->src\main\AndroidManifest.xml:19:25-66
31
32                <category android:name="android.intent.category.LAUNCHER" />
32-->src\main\AndroidManifest.xml:21:17-77
32-->src\main\AndroidManifest.xml:21:27-74
33            </intent-filter>
34        </activity>
35        <activity
35-->[androidx.compose.ui:ui-tooling:1.0.1] AndroidManifest.xml:25:9-27:39
36            android:name="androidx.compose.ui.tooling.PreviewActivity"
36-->[androidx.compose.ui:ui-tooling:1.0.1] AndroidManifest.xml:26:13-71
37            android:exported="true" />
37-->[androidx.compose.ui:ui-tooling:1.0.1] AndroidManifest.xml:27:13-36
38
39        <provider
39-->[androidx.lifecycle:lifecycle-process:2.2.0] AndroidManifest.xml:25:9-29:43
40            android:name="androidx.lifecycle.ProcessLifecycleOwnerInitializer"
40-->[androidx.lifecycle:lifecycle-process:2.2.0] AndroidManifest.xml:26:13-79
41            android:authorities="com.example.newsify.lifecycle-process"
41-->[androidx.lifecycle:lifecycle-process:2.2.0] AndroidManifest.xml:27:13-69
42            android:exported="false"
42-->[androidx.lifecycle:lifecycle-process:2.2.0] AndroidManifest.xml:28:13-37
43            android:multiprocess="true" />
43-->[androidx.lifecycle:lifecycle-process:2.2.0] AndroidManifest.xml:29:13-40
44
45        <service
45-->[androidx.room:room-runtime:2.3.0] AndroidManifest.xml:25:9-28:40
46            android:name="androidx.room.MultiInstanceInvalidationService"
46-->[androidx.room:room-runtime:2.3.0] AndroidManifest.xml:26:13-74
47            android:directBootAware="true"
47-->[androidx.room:room-runtime:2.3.0] AndroidManifest.xml:27:13-43
48            android:exported="false" />
48-->[androidx.room:room-runtime:2.3.0] AndroidManifest.xml:28:13-37
49
50        <provider
50-->[androidx.profileinstaller:profileinstaller:1.1.0] AndroidManifest.xml:26:9-34:20
51            android:name="androidx.startup.InitializationProvider"
51-->[androidx.profileinstaller:profileinstaller:1.1.0] AndroidManifest.xml:27:13-67
52            android:authorities="com.example.newsify.androidx-startup"
52-->[androidx.profileinstaller:profileinstaller:1.1.0] AndroidManifest.xml:28:13-68
53            android:exported="false" >
53-->[androidx.profileinstaller:profileinstaller:1.1.0] AndroidManifest.xml:29:13-37
54            <meta-data
54-->[androidx.profileinstaller:profileinstaller:1.1.0] AndroidManifest.xml:31:13-33:52
55                android:name="androidx.profileinstaller.ProfileInstallerInitializer"
55-->[androidx.profileinstaller:profileinstaller:1.1.0] AndroidManifest.xml:32:17-85
56                android:value="androidx.startup" />
56-->[androidx.profileinstaller:profileinstaller:1.1.0] AndroidManifest.xml:33:17-49
57        </provider>
58
59        <receiver
59-->[androidx.profileinstaller:profileinstaller:1.1.0] AndroidManifest.xml:36:9-45:20
60            android:name="androidx.profileinstaller.ProfileInstallReceiver"
60-->[androidx.profileinstaller:profileinstaller:1.1.0] AndroidManifest.xml:37:13-76
61            android:directBootAware="false"
61-->[androidx.profileinstaller:profileinstaller:1.1.0] AndroidManifest.xml:38:13-44
62            android:enabled="true"
62-->[androidx.profileinstaller:profileinstaller:1.1.0] AndroidManifest.xml:39:13-35
63            android:exported="true"
63-->[androidx.profileinstaller:profileinstaller:1.1.0] AndroidManifest.xml:40:13-36
64            android:permission="android.permission.DUMP" >
64-->[androidx.profileinstaller:profileinstaller:1.1.0] AndroidManifest.xml:41:13-57
65            <intent-filter>
65-->[androidx.profileinstaller:profileinstaller:1.1.0] AndroidManifest.xml:42:13-44:29
66                <action android:name="androidx.profileinstaller.action.INSTALL_PROFILE" />
66-->[androidx.profileinstaller:profileinstaller:1.1.0] AndroidManifest.xml:43:17-91
66-->[androidx.profileinstaller:profileinstaller:1.1.0] AndroidManifest.xml:43:25-88
67            </intent-filter>
68        </receiver>
69    </application>
70
71</manifest>